g:\git\comp3016-cw2\comp3016-cw2\comp3016-cw2\x64\debug\vc143.pdb
g:\git\comp3016-cw2\comp3016-cw2\comp3016-cw2\x64\debug\vc143.idb
g:\git\comp3016-cw2\comp3016-cw2\comp3016-cw2\x64\debug\main.obj
g:\git\comp3016-cw2\comp3016-cw2\x64\debug\assimp-vc143-mtd.dll
g:\git\comp3016-cw2\comp3016-cw2\x64\debug\poly2tri.dll
g:\git\comp3016-cw2\comp3016-cw2\x64\debug\minizip.dll
g:\git\comp3016-cw2\comp3016-cw2\x64\debug\zlibd1.dll
g:\git\comp3016-cw2\comp3016-cw2\x64\debug\kubazip.dll
g:\git\comp3016-cw2\comp3016-cw2\x64\debug\pugixml.dll
g:\git\comp3016-cw2\comp3016-cw2\x64\debug\comp3016-cw2.exe
g:\git\comp3016-cw2\comp3016-cw2\x64\debug\comp3016-cw2.pdb
g:\git\comp3016-cw2\comp3016-cw2\comp3016-cw2\x64\debug\comp3016-cw2.ilk
g:\git\comp3016-cw2\comp3016-cw2\comp3016-cw2\x64\debug\comp3016-cw2.tlog\cl.command.1.tlog
g:\git\comp3016-cw2\comp3016-cw2\comp3016-cw2\x64\debug\comp3016-cw2.tlog\cl.items.tlog
g:\git\comp3016-cw2\comp3016-cw2\comp3016-cw2\x64\debug\comp3016-cw2.tlog\cl.read.1.tlog
g:\git\comp3016-cw2\comp3016-cw2\comp3016-cw2\x64\debug\comp3016-cw2.tlog\cl.write.1.tlog
g:\git\comp3016-cw2\comp3016-cw2\comp3016-cw2\x64\debug\comp3016-cw2.tlog\comp3016-cw2.write.1u.tlog
g:\git\comp3016-cw2\comp3016-cw2\comp3016-cw2\x64\debug\comp3016-cw2.tlog\link.command.1.tlog
g:\git\comp3016-cw2\comp3016-cw2\comp3016-cw2\x64\debug\comp3016-cw2.tlog\link.read.1.tlog
g:\git\comp3016-cw2\comp3016-cw2\comp3016-cw2\x64\debug\comp3016-cw2.tlog\link.secondary.1.tlog
g:\git\comp3016-cw2\comp3016-cw2\comp3016-cw2\x64\debug\comp3016-cw2.tlog\link.write.1.tlog
